============================= test session starts =============================
platform win32 -- Python 3.13.14, pytest-8.3.4, pluggy-1.6.0 -- C:\Users\45527\AppData\Local\Microsoft\WindowsApps\PythonSoftwareFoundation.Python.3.13_qbz5n2kfra8p0\python.exe
rootdir: C:\Users\45527\Documents\Codex\2026-04-29\copt-500
configfile: pytest.ini
testpaths: tests
plugins: anyio-4.8.0
collecting ... collected 477 items / 30 deselected / 447 selected

tests/test_20260605_acceptance_round.py::test_generic_formula_dsl_compiles_to_generic_linear_spec PASSED [  0%]
tests/test_20260605_acceptance_round.py::test_generic_builder_formula_constraint_can_solve PASSED [  0%]
tests/test_20260605_acceptance_round.py::test_generic_builder_formula_objective_can_solve PASSED [  0%]
tests/test_20260605_acceptance_round.py::test_template_based_models_have_executable_generic_spec PASSED [  0%]
tests/test_20260605_acceptance_round.py::test_all_template_based_models_clone_publish_test_success PASSED [  1%]
tests/test_20260605_acceptance_round.py::test_all_pv_storage_component_templates_publish_success PASSED [  1%]
tests/test_20260605_acceptance_round.py::test_all_builtin_components_validate_without_exception PASSED [  1%]
tests/test_20260605_acceptance_round.py::test_reserved_components_not_marked_implemented PASSED [  1%]
tests/test_20260605_acceptance_round.py::test_component_parameter_bindings_enter_runtime_schema PASSED [  2%]
tests/test_20260605_acceptance_round.py::test_component_dependency_validation_blocks_model_publish PASSED [  2%]
tests/test_20260605_acceptance_round.py::test_no_mojibake_in_builtin_templates PASSED [  2%]
tests/test_agent_api.py::TestAgentApi::test_agent_optimize_storage PASSED [  2%]
tests/test_agent_cascade_hydro_demo_questions.py::test_agent_answers_cascade_hydro_fixed_questions PASSED [  2%]
tests/test_agent_decoupling_fixes.py::test_parameter_extractor_chinese_economic_dispatch PASSED [  3%]
tests/test_agent_decoupling_fixes.py::test_parameter_extractor_chinese_three_units PASSED [  3%]
tests/test_agent_decoupling_fixes.py::test_agent_analyze_invalid_load_length_not_ready PASSED [  3%]
tests/test_agent_iteration_20260522.py::test_how_to_use_returns_step_guide PASSED [  3%]
tests/test_agent_iteration_20260522.py::test_required_parameters_without_current_skill PASSED [  4%]
tests/test_agent_iteration_20260522.py::test_required_parameters_with_current_skill PASSED [  4%]
tests/test_agent_iteration_20260522.py::test_cascade_hydro_station_keyword PASSED [  4%]
tests/test_agent_iteration_20260522.py::test_cascade_hydro_availability_query PASSED [  4%]
tests/test_agent_iteration_20260522.py::test_cascade_hydro_mojibake_removed PASSED [  4%]
tests/test_agent_iteration_20260522.py::test_missing_required_has_priority_over_default_confirmation PASSED [  5%]
tests/test_agent_iteration_20260522.py::test_dynamic_skill_list_display_names PASSED [  5%]
tests/test_agent_latency_llm_persistence.py::test_analyze_help_does_not_call_llm_extractor PASSED [  5%]
tests/test_agent_latency_llm_persistence.py::test_required_parameters_does_not_call_llm_extractor PASSED [  5%]
tests/test_agent_latency_llm_persistence.py::test_skill_only_request_skips_llm_extractor PASSED [  6%]
tests/test_agent_latency_llm_persistence.py::test_analyze_returns_timing PASSED [  6%]
tests/test_agent_latency_llm_persistence.py::test_runtime_store_path_unified PASSED [  6%]
tests/test_agent_latency_llm_persistence.py::test_llm_config_persists_after_restart PASSED [  6%]
tests/test_agent_latency_llm_persistence.py::test_package_excludes_runtime_store PASSED [  6%]
tests/test_agent_latency_llm_persistence.py::test_missing_required_state_priority PASSED [  7%]
tests/test_agent_latency_llm_persistence.py::test_storage_parameter_names_are_business_chinese PASSED [  7%]
tests/test_agent_latency_llm_persistence.py::test_required_parameters_schema_consistent PASSED [  7%]
tests/test_agent_llm_flow.py::TestAgentLLMFlow::test_llm_test_disabled_is_safe PASSED [  7%]
tests/test_agent_nlp_demo_questions.py::test_agent_answers_nlp_fixed_questions PASSED [  8%]
tests/test_agent_optimize.py::TestAgentOptimizeNaturalLanguage::test_storage_goal_matches_storage_template PASSED [  8%]
tests/test_agent_optimize.py::TestAgentOptimizeNaturalLanguage::test_unit_goal_matches_unit_commitment_template PASSED [  8%]
tests/test_agent_product_iteration.py::test_llm_config_disabled_forces_enabled_false PASSED [  8%]
tests/test_agent_product_iteration.py::test_llm_config_enabled_requires_provider_model_key PASSED [  8%]
tests/test_agent_product_iteration.py::test_llm_config_api_key_configured_when_provider_enabled PASSED [  9%]
tests/test_agent_product_iteration.py::test_skill_schema_can_be_viewed PASSED [  9%]
tests/test_agent_product_iteration.py::test_one_published_model_version_generates_one_skill PASSED [  9%]
tests/test_agent_product_iteration.py::test_skill_alias_and_canonical_name PASSED [  9%]
tests/test_agent_production_fixes.py::test_llm_test_disabled_is_safe PASSED [ 10%]
tests/test_agent_production_fixes.py::test_agent_casual_chat_does_not_enter_optimization_flow PASSED [ 10%]
tests/test_agent_production_fixes.py::test_agent_casual_chat_inside_task_preserves_task_without_prompting_defaults PASSED [ 10%]
tests/test_agent_production_fixes.py::test_agent_capability_question_inside_task_is_not_parameter_analysis PASSED [ 10%]
tests/test_agent_production_fixes.py::test_skill_status_callable_consistency PASSED [ 10%]